[0.006s] Invoking command in '/home/safin/Documents/safin-research/Concordia-Research-Multibot/src/turtlebot3_multi_robot/build/turtlebot3_multi_robot': CMAKE_PREFIX_PATH=${CMAKE_PREFIX_PATH}:/opt/ros/jazzy DEBUGINFOD_URLS=https://debuginfod.ubuntu.com /usr/bin/cmake /home/safin/Documents/safin-research/Concordia-Research-Multibot/src/turtlebot3_multi_robot -DCMAKE_INSTALL_PREFIX=/home/safin/Documents/safin-research/Concordia-Research-Multibot/src/turtlebot3_multi_robot/install/turtlebot3_multi_robot
[0.023s] -- Found ament_cmake: 2.5.3 (/opt/ros/jazzy/share/ament_cmake/cmake)
[0.143s] -- Found Python3: /usr/bin/python3 (found version "3.12.3") found components: Interpreter 
[0.248s] -- Found rclcpp: 28.1.8 (/opt/ros/jazzy/share/rclcpp/cmake)
[0.283s] -- Found rosidl_generator_c: 4.6.5 (/opt/ros/jazzy/share/rosidl_generator_c/cmake)
[0.293s] -- Found rosidl_generator_cpp: 4.6.5 (/opt/ros/jazzy/share/rosidl_generator_cpp/cmake)
[0.306s] -- Using all available rosidl_typesupport_c: rosidl_typesupport_fastrtps_c;rosidl_typesupport_introspection_c
[0.319s] -- Using all available rosidl_typesupport_cpp: rosidl_typesupport_fastrtps_cpp;rosidl_typesupport_introspection_cpp
[0.374s] -- Found rmw_implementation_cmake: 7.3.2 (/opt/ros/jazzy/share/rmw_implementation_cmake/cmake)
[0.376s] -- Found rmw_fastrtps_cpp: 8.4.2 (/opt/ros/jazzy/share/rmw_fastrtps_cpp/cmake)
[0.473s] -- Found OpenSSL: /usr/lib/x86_64-linux-gnu/libcrypto.so (found version "3.0.13")  
[0.499s] -- Found FastRTPS: /opt/ros/jazzy/include (Required is at least version "2.13") 
[0.522s] -- Using RMW implementation 'rmw_fastrtps_cpp' as default
[0.575s] -- Found rclpy: 7.1.4 (/opt/ros/jazzy/share/rclpy/cmake)
[0.577s] -- Found geometry_msgs: 5.3.6 (/opt/ros/jazzy/share/geometry_msgs/cmake)
[0.603s] [31mCMake Error at CMakeLists.txt:16 (find_package):
[0.603s]   By not providing "Findnav2_msgs.cmake" in CMAKE_MODULE_PATH this project
[0.603s]   has asked CMake to find a package configuration file provided by
[0.604s]   "nav2_msgs", but CMake did not find one.
[0.604s] 
[0.604s]   Could not find a package configuration file provided by "nav2_msgs" with
[0.604s]   any of the following names:
[0.604s] 
[0.604s]     nav2_msgsConfig.cmake
[0.604s]     nav2_msgs-config.cmake
[0.604s] 
[0.604s]   Add the installation prefix of "nav2_msgs" to CMAKE_PREFIX_PATH or set
[0.604s]   "nav2_msgs_DIR" to a directory containing one of the above files.  If
[0.604s]   "nav2_msgs" provides a separate development package or SDK, be sure it has
[0.604s]   been installed.
[0.604s] 
[0.604s] [0m
[0.604s] -- Configuring incomplete, errors occurred!
[0.607s] Invoked command in '/home/safin/Documents/safin-research/Concordia-Research-Multibot/src/turtlebot3_multi_robot/build/turtlebot3_multi_robot' returned '1': CMAKE_PREFIX_PATH=${CMAKE_PREFIX_PATH}:/opt/ros/jazzy DEBUGINFOD_URLS=https://debuginfod.ubuntu.com /usr/bin/cmake /home/safin/Documents/safin-research/Concordia-Research-Multibot/src/turtlebot3_multi_robot -DCMAKE_INSTALL_PREFIX=/home/safin/Documents/safin-research/Concordia-Research-Multibot/src/turtlebot3_multi_robot/install/turtlebot3_multi_robot
