[0.006s] Invoking command in '/home/safin/Documents/safin-research/Concordia-Research-Multibot/src/turtlebot3_multi_robot/build/turtlebot3_multi_robot': CMAKE_PREFIX_PATH=${CMAKE_PREFIX_PATH}:/opt/ros/jazzy DEBUGINFOD_URLS=https://debuginfod.ubuntu.com /usr/bin/cmake --build /home/safin/Documents/safin-research/Concordia-Research-Multibot/src/turtlebot3_multi_robot/build/turtlebot3_multi_robot -- -j12 -l12
[0.032s] -- Found ament_cmake: 2.5.3 (/opt/ros/jazzy/share/ament_cmake/cmake)
[0.183s] -- Found rclcpp: 28.1.8 (/opt/ros/jazzy/share/rclcpp/cmake)
[0.198s] -- Found rosidl_generator_c: 4.6.5 (/opt/ros/jazzy/share/rosidl_generator_c/cmake)
[0.204s] -- Found rosidl_generator_cpp: 4.6.5 (/opt/ros/jazzy/share/rosidl_generator_cpp/cmake)
[0.210s] -- Using all available rosidl_typesupport_c: rosidl_typesupport_fastrtps_c;rosidl_typesupport_introspection_c
[0.218s] -- Using all available rosidl_typesupport_cpp: rosidl_typesupport_fastrtps_cpp;rosidl_typesupport_introspection_cpp
[0.253s] -- Found rmw_implementation_cmake: 7.3.2 (/opt/ros/jazzy/share/rmw_implementation_cmake/cmake)
[0.254s] -- Found rmw_fastrtps_cpp: 8.4.2 (/opt/ros/jazzy/share/rmw_fastrtps_cpp/cmake)
[0.311s] -- Using RMW implementation 'rmw_fastrtps_cpp' as default
[0.353s] -- Found rclpy: 7.1.4 (/opt/ros/jazzy/share/rclpy/cmake)
[0.353s] -- Found geometry_msgs: 5.3.6 (/opt/ros/jazzy/share/geometry_msgs/cmake)
[0.371s] -- Found nav2_msgs: 1.3.5 (/opt/ros/jazzy/share/nav2_msgs/cmake)
[0.510s] -- Configuring done (0.5s)
[0.513s] -- Generating done (0.0s)
[0.514s] -- Build files have been written to: /home/safin/Documents/safin-research/Concordia-Research-Multibot/src/turtlebot3_multi_robot/build/turtlebot3_multi_robot
[0.535s] Invoked command in '/home/safin/Documents/safin-research/Concordia-Research-Multibot/src/turtlebot3_multi_robot/build/turtlebot3_multi_robot' returned '0': CMAKE_PREFIX_PATH=${CMAKE_PREFIX_PATH}:/opt/ros/jazzy DEBUGINFOD_URLS=https://debuginfod.ubuntu.com /usr/bin/cmake --build /home/safin/Documents/safin-research/Concordia-Research-Multibot/src/turtlebot3_multi_robot/build/turtlebot3_multi_robot -- -j12 -l12
[0.549s] Invoking command in '/home/safin/Documents/safin-research/Concordia-Research-Multibot/src/turtlebot3_multi_robot/build/turtlebot3_multi_robot': CMAKE_PREFIX_PATH=${CMAKE_PREFIX_PATH}:/opt/ros/jazzy DEBUGINFOD_URLS=https://debuginfod.ubuntu.com /usr/bin/cmake --install /home/safin/Documents/safin-research/Concordia-Research-Multibot/src/turtlebot3_multi_robot/build/turtlebot3_multi_robot
[0.561s] -- Install configuration: ""
[0.561s] -- Up-to-date: /home/safin/Documents/safin-research/Concordia-Research-Multibot/src/turtlebot3_multi_robot/install/turtlebot3_multi_robot/share/turtlebot3_multi_robot//launch
[0.561s] -- Installing: /home/safin/Documents/safin-research/Concordia-Research-Multibot/src/turtlebot3_multi_robot/install/turtlebot3_multi_robot/share/turtlebot3_multi_robot//launch/gazebo_multi_nav2_world.launch.py
[0.562s] -- Up-to-date: /home/safin/Documents/safin-research/Concordia-Research-Multibot/src/turtlebot3_multi_robot/install/turtlebot3_multi_robot/share/turtlebot3_multi_robot//launch/gazebo_multi_world.launch.py
[0.562s] -- Up-to-date: /home/safin/Documents/safin-research/Concordia-Research-Multibot/src/turtlebot3_multi_robot/install/turtlebot3_multi_robot/share/turtlebot3_multi_robot//launch/nav2_bringup
[0.562s] -- Up-to-date: /home/safin/Documents/safin-research/Concordia-Research-Multibot/src/turtlebot3_multi_robot/install/turtlebot3_multi_robot/share/turtlebot3_multi_robot//launch/nav2_bringup/navigation_launch.py
[0.562s] -- Up-to-date: /home/safin/Documents/safin-research/Concordia-Research-Multibot/src/turtlebot3_multi_robot/install/turtlebot3_multi_robot/share/turtlebot3_multi_robot//launch/nav2_bringup/bringup_launch.py
[0.563s] -- Up-to-date: /home/safin/Documents/safin-research/Concordia-Research-Multibot/src/turtlebot3_multi_robot/install/turtlebot3_multi_robot/share/turtlebot3_multi_robot//launch/nav2_bringup/rviz_launch.py
[0.563s] -- Up-to-date: /home/safin/Documents/safin-research/Concordia-Research-Multibot/src/turtlebot3_multi_robot/install/turtlebot3_multi_robot/share/turtlebot3_multi_robot//launch/nav2_bringup/slam_launch.py
[0.563s] -- Up-to-date: /home/safin/Documents/safin-research/Concordia-Research-Multibot/src/turtlebot3_multi_robot/install/turtlebot3_multi_robot/share/turtlebot3_multi_robot//launch/nav2_bringup/localization_launch.py
[0.563s] -- Up-to-date: /home/safin/Documents/safin-research/Concordia-Research-Multibot/src/turtlebot3_multi_robot/install/turtlebot3_multi_robot/share/turtlebot3_multi_robot//models
[0.563s] -- Up-to-date: /home/safin/Documents/safin-research/Concordia-Research-Multibot/src/turtlebot3_multi_robot/install/turtlebot3_multi_robot/share/turtlebot3_multi_robot//models/turtlebot3_waffle
[0.563s] -- Up-to-date: /home/safin/Documents/safin-research/Concordia-Research-Multibot/src/turtlebot3_multi_robot/install/turtlebot3_multi_robot/share/turtlebot3_multi_robot//models/turtlebot3_waffle/meshes
[0.563s] -- Up-to-date: /home/safin/Documents/safin-research/Concordia-Research-Multibot/src/turtlebot3_multi_robot/install/turtlebot3_multi_robot/share/turtlebot3_multi_robot//models/turtlebot3_waffle/meshes/r200.dae
[0.563s] -- Up-to-date: /home/safin/Documents/safin-research/Concordia-Research-Multibot/src/turtlebot3_multi_robot/install/turtlebot3_multi_robot/share/turtlebot3_multi_robot//models/turtlebot3_waffle/meshes/lds.dae
[0.563s] -- Up-to-date: /home/safin/Documents/safin-research/Concordia-Research-Multibot/src/turtlebot3_multi_robot/install/turtlebot3_multi_robot/share/turtlebot3_multi_robot//models/turtlebot3_waffle/meshes/waffle_base.dae
[0.563s] -- Up-to-date: /home/safin/Documents/safin-research/Concordia-Research-Multibot/src/turtlebot3_multi_robot/install/turtlebot3_multi_robot/share/turtlebot3_multi_robot//models/turtlebot3_waffle/meshes/tire.dae
[0.564s] -- Up-to-date: /home/safin/Documents/safin-research/Concordia-Research-Multibot/src/turtlebot3_multi_robot/install/turtlebot3_multi_robot/share/turtlebot3_multi_robot//models/turtlebot3_waffle/model.sdf
[0.564s] -- Up-to-date: /home/safin/Documents/safin-research/Concordia-Research-Multibot/src/turtlebot3_multi_robot/install/turtlebot3_multi_robot/share/turtlebot3_multi_robot//models/turtlebot3_waffle/model-1_4.sdf
[0.564s] -- Up-to-date: /home/safin/Documents/safin-research/Concordia-Research-Multibot/src/turtlebot3_multi_robot/install/turtlebot3_multi_robot/share/turtlebot3_multi_robot//models/turtlebot3_waffle/model.config
[0.564s] -- Up-to-date: /home/safin/Documents/safin-research/Concordia-Research-Multibot/src/turtlebot3_multi_robot/install/turtlebot3_multi_robot/share/turtlebot3_multi_robot//models/turtlebot3_waffle/model_nocamera.sdf
[0.564s] -- Up-to-date: /home/safin/Documents/safin-research/Concordia-Research-Multibot/src/turtlebot3_multi_robot/install/turtlebot3_multi_robot/share/turtlebot3_multi_robot//models/marker
[0.564s] -- Up-to-date: /home/safin/Documents/safin-research/Concordia-Research-Multibot/src/turtlebot3_multi_robot/install/turtlebot3_multi_robot/share/turtlebot3_multi_robot//models/marker/model.sdf
[0.564s] -- Up-to-date: /home/safin/Documents/safin-research/Concordia-Research-Multibot/src/turtlebot3_multi_robot/install/turtlebot3_multi_robot/share/turtlebot3_multi_robot//models/walls
[0.564s] -- Up-to-date: /home/safin/Documents/safin-research/Concordia-Research-Multibot/src/turtlebot3_multi_robot/install/turtlebot3_multi_robot/share/turtlebot3_multi_robot//models/walls/meshes
[0.564s] -- Up-to-date: /home/safin/Documents/safin-research/Concordia-Research-Multibot/src/turtlebot3_multi_robot/install/turtlebot3_multi_robot/share/turtlebot3_multi_robot//models/walls/meshes/mailbox.dae
[0.564s] -- Up-to-date: /home/safin/Documents/safin-research/Concordia-Research-Multibot/src/turtlebot3_multi_robot/install/turtlebot3_multi_robot/share/turtlebot3_multi_robot//models/walls/model.sdf
[0.564s] -- Up-to-date: /home/safin/Documents/safin-research/Concordia-Research-Multibot/src/turtlebot3_multi_robot/install/turtlebot3_multi_robot/share/turtlebot3_multi_robot//models/walls/model.config
[0.564s] -- Up-to-date: /home/safin/Documents/safin-research/Concordia-Research-Multibot/src/turtlebot3_multi_robot/install/turtlebot3_multi_robot/share/turtlebot3_multi_robot//models/walls/materials
[0.564s] -- Up-to-date: /home/safin/Documents/safin-research/Concordia-Research-Multibot/src/turtlebot3_multi_robot/install/turtlebot3_multi_robot/share/turtlebot3_multi_robot//models/walls/materials/scripts
[0.564s] -- Up-to-date: /home/safin/Documents/safin-research/Concordia-Research-Multibot/src/turtlebot3_multi_robot/install/turtlebot3_multi_robot/share/turtlebot3_multi_robot//models/walls/materials/scripts/mailbox.material
[0.564s] -- Up-to-date: /home/safin/Documents/safin-research/Concordia-Research-Multibot/src/turtlebot3_multi_robot/install/turtlebot3_multi_robot/share/turtlebot3_multi_robot//models/walls/materials/textures
[0.564s] -- Up-to-date: /home/safin/Documents/safin-research/Concordia-Research-Multibot/src/turtlebot3_multi_robot/install/turtlebot3_multi_robot/share/turtlebot3_multi_robot//models/walls/materials/textures/Mailbox_Diffuse.png
[0.564s] -- Up-to-date: /home/safin/Documents/safin-research/Concordia-Research-Multibot/src/turtlebot3_multi_robot/install/turtlebot3_multi_robot/share/turtlebot3_multi_robot//models/walls/materials/textures/Mailbox_Spec.png
[0.565s] -- Up-to-date: /home/safin/Documents/safin-research/Concordia-Research-Multibot/src/turtlebot3_multi_robot/install/turtlebot3_multi_robot/share/turtlebot3_multi_robot//models/walls/materials/textures/Mailbox_Diffuse.tga.orig
[0.565s] -- Up-to-date: /home/safin/Documents/safin-research/Concordia-Research-Multibot/src/turtlebot3_multi_robot/install/turtlebot3_multi_robot/share/turtlebot3_multi_robot//models/floor_plan
[0.565s] -- Up-to-date: /home/safin/Documents/safin-research/Concordia-Research-Multibot/src/turtlebot3_multi_robot/install/turtlebot3_multi_robot/share/turtlebot3_multi_robot//models/floor_plan/meshes
[0.565s] -- Up-to-date: /home/safin/Documents/safin-research/Concordia-Research-Multibot/src/turtlebot3_multi_robot/install/turtlebot3_multi_robot/share/turtlebot3_multi_robot//models/floor_plan/meshes/EV9.dae
[0.565s] -- Up-to-date: /home/safin/Documents/safin-research/Concordia-Research-Multibot/src/turtlebot3_multi_robot/install/turtlebot3_multi_robot/share/turtlebot3_multi_robot//models/floor_plan/floor_plan.sdf
[0.565s] -- Up-to-date: /home/safin/Documents/safin-research/Concordia-Research-Multibot/src/turtlebot3_multi_robot/install/turtlebot3_multi_robot/share/turtlebot3_multi_robot//models/floor_plan/model.config
[0.565s] -- Up-to-date: /home/safin/Documents/safin-research/Concordia-Research-Multibot/src/turtlebot3_multi_robot/install/turtlebot3_multi_robot/share/turtlebot3_multi_robot//models/turtlebot3_burger
[0.565s] -- Up-to-date: /home/safin/Documents/safin-research/Concordia-Research-Multibot/src/turtlebot3_multi_robot/install/turtlebot3_multi_robot/share/turtlebot3_multi_robot//models/turtlebot3_burger/meshes
[0.565s] -- Up-to-date: /home/safin/Documents/safin-research/Concordia-Research-Multibot/src/turtlebot3_multi_robot/install/turtlebot3_multi_robot/share/turtlebot3_multi_robot//models/turtlebot3_burger/meshes/lds.dae
[0.565s] -- Up-to-date: /home/safin/Documents/safin-research/Concordia-Research-Multibot/src/turtlebot3_multi_robot/install/turtlebot3_multi_robot/share/turtlebot3_multi_robot//models/turtlebot3_burger/meshes/tire.dae
[0.565s] -- Up-to-date: /home/safin/Documents/safin-research/Concordia-Research-Multibot/src/turtlebot3_multi_robot/install/turtlebot3_multi_robot/share/turtlebot3_multi_robot//models/turtlebot3_burger/meshes/burger_base.dae
[0.565s] -- Up-to-date: /home/safin/Documents/safin-research/Concordia-Research-Multibot/src/turtlebot3_multi_robot/install/turtlebot3_multi_robot/share/turtlebot3_multi_robot//models/turtlebot3_burger/model.sdf
[0.565s] -- Up-to-date: /home/safin/Documents/safin-research/Concordia-Research-Multibot/src/turtlebot3_multi_robot/install/turtlebot3_multi_robot/share/turtlebot3_multi_robot//models/turtlebot3_burger/model-1_4.sdf
[0.565s] -- Up-to-date: /home/safin/Documents/safin-research/Concordia-Research-Multibot/src/turtlebot3_multi_robot/install/turtlebot3_multi_robot/share/turtlebot3_multi_robot//models/turtlebot3_burger/model.config
[0.565s] -- Up-to-date: /home/safin/Documents/safin-research/Concordia-Research-Multibot/src/turtlebot3_multi_robot/install/turtlebot3_multi_robot/share/turtlebot3_multi_robot//rviz
[0.565s] -- Up-to-date: /home/safin/Documents/safin-research/Concordia-Research-Multibot/src/turtlebot3_multi_robot/install/turtlebot3_multi_robot/share/turtlebot3_multi_robot//rviz/multi_nav2_default_view.rviz
[0.565s] -- Up-to-date: /home/safin/Documents/safin-research/Concordia-Research-Multibot/src/turtlebot3_multi_robot/install/turtlebot3_multi_robot/share/turtlebot3_multi_robot//rviz/nav2_default_view.rviz
[0.566s] -- Up-to-date: /home/safin/Documents/safin-research/Concordia-Research-Multibot/src/turtlebot3_multi_robot/install/turtlebot3_multi_robot/share/turtlebot3_multi_robot//urdf
[0.566s] -- Up-to-date: /home/safin/Documents/safin-research/Concordia-Research-Multibot/src/turtlebot3_multi_robot/install/turtlebot3_multi_robot/share/turtlebot3_multi_robot//urdf/turtlebot3_burger.urdf
[0.566s] -- Up-to-date: /home/safin/Documents/safin-research/Concordia-Research-Multibot/src/turtlebot3_multi_robot/install/turtlebot3_multi_robot/share/turtlebot3_multi_robot//urdf/turtlebot3_waffle23.urdf
[0.566s] -- Up-to-date: /home/safin/Documents/safin-research/Concordia-Research-Multibot/src/turtlebot3_multi_robot/install/turtlebot3_multi_robot/share/turtlebot3_multi_robot//urdf/turtlebot3_waffle.urdf
[0.566s] -- Up-to-date: /home/safin/Documents/safin-research/Concordia-Research-Multibot/src/turtlebot3_multi_robot/install/turtlebot3_multi_robot/share/turtlebot3_multi_robot//urdf/common_properties.urdf
[0.566s] -- Up-to-date: /home/safin/Documents/safin-research/Concordia-Research-Multibot/src/turtlebot3_multi_robot/install/turtlebot3_multi_robot/share/turtlebot3_multi_robot//worlds
[0.566s] -- Up-to-date: /home/safin/Documents/safin-research/Concordia-Research-Multibot/src/turtlebot3_multi_robot/install/turtlebot3_multi_robot/share/turtlebot3_multi_robot//worlds/multi_robot_world.world
[0.566s] -- Up-to-date: /home/safin/Documents/safin-research/Concordia-Research-Multibot/src/turtlebot3_multi_robot/install/turtlebot3_multi_robot/share/turtlebot3_multi_robot//worlds/ev_9.world
[0.566s] -- Up-to-date: /home/safin/Documents/safin-research/Concordia-Research-Multibot/src/turtlebot3_multi_robot/install/turtlebot3_multi_robot/share/turtlebot3_multi_robot//worlds/ev9_floor_plan_world.world
[0.566s] -- Up-to-date: /home/safin/Documents/safin-research/Concordia-Research-Multibot/src/turtlebot3_multi_robot/install/turtlebot3_multi_robot/share/turtlebot3_multi_robot//worlds/multi_empty_world.world
[0.566s] -- Up-to-date: /home/safin/Documents/safin-research/Concordia-Research-Multibot/src/turtlebot3_multi_robot/install/turtlebot3_multi_robot/share/turtlebot3_multi_robot//params
[0.566s] -- Up-to-date: /home/safin/Documents/safin-research/Concordia-Research-Multibot/src/turtlebot3_multi_robot/install/turtlebot3_multi_robot/share/turtlebot3_multi_robot//params/nav2_params.yaml
[0.566s] -- Up-to-date: /home/safin/Documents/safin-research/Concordia-Research-Multibot/src/turtlebot3_multi_robot/install/turtlebot3_multi_robot/share/turtlebot3_multi_robot//scripts
[0.566s] -- Up-to-date: /home/safin/Documents/safin-research/Concordia-Research-Multibot/src/turtlebot3_multi_robot/install/turtlebot3_multi_robot/share/turtlebot3_multi_robot//scripts/spawn.py
[0.566s] -- Up-to-date: /home/safin/Documents/safin-research/Concordia-Research-Multibot/src/turtlebot3_multi_robot/install/turtlebot3_multi_robot/share/turtlebot3_multi_robot//scripts/monitor_position.py
[0.566s] -- Up-to-date: /home/safin/Documents/safin-research/Concordia-Research-Multibot/src/turtlebot3_multi_robot/install/turtlebot3_multi_robot/share/turtlebot3_multi_robot//scripts/goal_listener_and_sender.py
[0.566s] -- Up-to-date: /home/safin/Documents/safin-research/Concordia-Research-Multibot/src/turtlebot3_multi_robot/install/turtlebot3_multi_robot/share/turtlebot3_multi_robot/maps
[0.566s] -- Up-to-date: /home/safin/Documents/safin-research/Concordia-Research-Multibot/src/turtlebot3_multi_robot/install/turtlebot3_multi_robot/share/turtlebot3_multi_robot/config
[0.567s] -- Up-to-date: /home/safin/Documents/safin-research/Concordia-Research-Multibot/src/turtlebot3_multi_robot/install/turtlebot3_multi_robot/share/turtlebot3_multi_robot/config/map.yaml
[0.567s] -- Up-to-date: /home/safin/Documents/safin-research/Concordia-Research-Multibot/src/turtlebot3_multi_robot/install/turtlebot3_multi_robot/share/turtlebot3_multi_robot/config/blank_map.yaml
[0.567s] -- Up-to-date: /home/safin/Documents/safin-research/Concordia-Research-Multibot/src/turtlebot3_multi_robot/install/turtlebot3_multi_robot/share/turtlebot3_multi_robot/config/my_map.yaml
[0.567s] -- Up-to-date: /home/safin/Documents/safin-research/Concordia-Research-Multibot/src/turtlebot3_multi_robot/install/turtlebot3_multi_robot/share/turtlebot3_multi_robot/config/my_world_map.pgm
[0.567s] -- Up-to-date: /home/safin/Documents/safin-research/Concordia-Research-Multibot/src/turtlebot3_multi_robot/install/turtlebot3_multi_robot/share/turtlebot3_multi_robot/config/blank_map.pgm
[0.567s] -- Up-to-date: /home/safin/Documents/safin-research/Concordia-Research-Multibot/src/turtlebot3_multi_robot/install/turtlebot3_multi_robot/share/turtlebot3_multi_robot/config/map.pgm
[0.567s] -- Up-to-date: /home/safin/Documents/safin-research/Concordia-Research-Multibot/src/turtlebot3_multi_robot/install/turtlebot3_multi_robot/share/turtlebot3_multi_robot/config/my_map.pgm
[0.567s] -- Up-to-date: /home/safin/Documents/safin-research/Concordia-Research-Multibot/src/turtlebot3_multi_robot/install/turtlebot3_multi_robot/share/turtlebot3_multi_robot/config/my_world_map.yaml
[0.567s] -- Up-to-date: /home/safin/Documents/safin-research/Concordia-Research-Multibot/src/turtlebot3_multi_robot/install/turtlebot3_multi_robot/lib/turtlebot3_multi_robot/goal_listener_and_sender.py
[0.567s] -- Up-to-date: /home/safin/Documents/safin-research/Concordia-Research-Multibot/src/turtlebot3_multi_robot/install/turtlebot3_multi_robot/lib/turtlebot3_multi_robot/monitor_position.py
[0.567s] -- Up-to-date: /home/safin/Documents/safin-research/Concordia-Research-Multibot/src/turtlebot3_multi_robot/install/turtlebot3_multi_robot/lib/turtlebot3_multi_robot/spawn.py
[0.567s] -- Up-to-date: /home/safin/Documents/safin-research/Concordia-Research-Multibot/src/turtlebot3_multi_robot/install/turtlebot3_multi_robot/share/turtlebot3_multi_robot/environment/multi_robot.dsv
[0.567s] -- Up-to-date: /home/safin/Documents/safin-research/Concordia-Research-Multibot/src/turtlebot3_multi_robot/install/turtlebot3_multi_robot/share/ament_index/resource_index/package_run_dependencies/turtlebot3_multi_robot
[0.567s] -- Up-to-date: /home/safin/Documents/safin-research/Concordia-Research-Multibot/src/turtlebot3_multi_robot/install/turtlebot3_multi_robot/share/ament_index/resource_index/parent_prefix_path/turtlebot3_multi_robot
[0.567s] -- Up-to-date: /home/safin/Documents/safin-research/Concordia-Research-Multibot/src/turtlebot3_multi_robot/install/turtlebot3_multi_robot/share/turtlebot3_multi_robot/environment/ament_prefix_path.sh
[0.567s] -- Up-to-date: /home/safin/Documents/safin-research/Concordia-Research-Multibot/src/turtlebot3_multi_robot/install/turtlebot3_multi_robot/share/turtlebot3_multi_robot/environment/ament_prefix_path.dsv
[0.567s] -- Up-to-date: /home/safin/Documents/safin-research/Concordia-Research-Multibot/src/turtlebot3_multi_robot/install/turtlebot3_multi_robot/share/turtlebot3_multi_robot/environment/path.sh
[0.567s] -- Up-to-date: /home/safin/Documents/safin-research/Concordia-Research-Multibot/src/turtlebot3_multi_robot/install/turtlebot3_multi_robot/share/turtlebot3_multi_robot/environment/path.dsv
[0.567s] -- Up-to-date: /home/safin/Documents/safin-research/Concordia-Research-Multibot/src/turtlebot3_multi_robot/install/turtlebot3_multi_robot/share/turtlebot3_multi_robot/local_setup.bash
[0.567s] -- Up-to-date: /home/safin/Documents/safin-research/Concordia-Research-Multibot/src/turtlebot3_multi_robot/install/turtlebot3_multi_robot/share/turtlebot3_multi_robot/local_setup.sh
[0.567s] -- Up-to-date: /home/safin/Documents/safin-research/Concordia-Research-Multibot/src/turtlebot3_multi_robot/install/turtlebot3_multi_robot/share/turtlebot3_multi_robot/local_setup.zsh
[0.568s] -- Up-to-date: /home/safin/Documents/safin-research/Concordia-Research-Multibot/src/turtlebot3_multi_robot/install/turtlebot3_multi_robot/share/turtlebot3_multi_robot/local_setup.dsv
[0.568s] -- Installing: /home/safin/Documents/safin-research/Concordia-Research-Multibot/src/turtlebot3_multi_robot/install/turtlebot3_multi_robot/share/turtlebot3_multi_robot/package.dsv
[0.568s] -- Up-to-date: /home/safin/Documents/safin-research/Concordia-Research-Multibot/src/turtlebot3_multi_robot/install/turtlebot3_multi_robot/share/ament_index/resource_index/packages/turtlebot3_multi_robot
[0.568s] -- Up-to-date: /home/safin/Documents/safin-research/Concordia-Research-Multibot/src/turtlebot3_multi_robot/install/turtlebot3_multi_robot/share/turtlebot3_multi_robot/cmake/turtlebot3_multi_robotConfig.cmake
[0.568s] -- Up-to-date: /home/safin/Documents/safin-research/Concordia-Research-Multibot/src/turtlebot3_multi_robot/install/turtlebot3_multi_robot/share/turtlebot3_multi_robot/cmake/turtlebot3_multi_robotConfig-version.cmake
[0.568s] -- Installing: /home/safin/Documents/safin-research/Concordia-Research-Multibot/src/turtlebot3_multi_robot/install/turtlebot3_multi_robot/share/turtlebot3_multi_robot/package.xml
[0.569s] Invoked command in '/home/safin/Documents/safin-research/Concordia-Research-Multibot/src/turtlebot3_multi_robot/build/turtlebot3_multi_robot' returned '0': CMAKE_PREFIX_PATH=${CMAKE_PREFIX_PATH}:/opt/ros/jazzy DEBUGINFOD_URLS=https://debuginfod.ubuntu.com /usr/bin/cmake --install /home/safin/Documents/safin-research/Concordia-Research-Multibot/src/turtlebot3_multi_robot/build/turtlebot3_multi_robot
