-- Found ament_cmake: 2.5.3 (/opt/ros/jazzy/share/ament_cmake/cmake)
-- Found rclcpp: 28.1.8 (/opt/ros/jazzy/share/rclcpp/cmake)
-- Found rosidl_generator_c: 4.6.5 (/opt/ros/jazzy/share/rosidl_generator_c/cmake)
-- Found rosidl_generator_cpp: 4.6.5 (/opt/ros/jazzy/share/rosidl_generator_cpp/cmake)
-- Using all available rosidl_typesupport_c: rosidl_typesupport_fastrtps_c;rosidl_typesupport_introspection_c
-- Using all available rosidl_typesupport_cpp: rosidl_typesupport_fastrtps_cpp;rosidl_typesupport_introspection_cpp
-- Found rmw_implementation_cmake: 7.3.2 (/opt/ros/jazzy/share/rmw_implementation_cmake/cmake)
-- Found rmw_fastrtps_cpp: 8.4.2 (/opt/ros/jazzy/share/rmw_fastrtps_cpp/cmake)
-- Using RMW implementation 'rmw_fastrtps_cpp' as default
-- Found rclpy: 7.1.4 (/opt/ros/jazzy/share/rclpy/cmake)
-- Found geometry_msgs: 5.3.6 (/opt/ros/jazzy/share/geometry_msgs/cmake)
-- Found nav2_msgs: 1.3.5 (/opt/ros/jazzy/share/nav2_msgs/cmake)
-- Configuring done (0.5s)
-- Generating done (0.0s)
-- Build files have been written to: /home/safin/Documents/safin-research/Concordia-Research-Multibot/src/turtlebot3_multi_robot/build/turtlebot3_multi_robot
-- Install configuration: ""
-- Up-to-date: /home/safin/Documents/safin-research/Concordia-Research-Multibot/src/turtlebot3_multi_robot/install/turtlebot3_multi_robot/share/turtlebot3_multi_robot//launch
-- Installing: /home/safin/Documents/safin-research/Concordia-Research-Multibot/src/turtlebot3_multi_robot/install/turtlebot3_multi_robot/share/turtlebot3_multi_robot//launch/gazebo_multi_nav2_world.launch.py
-- Up-to-date: /home/safin/Documents/safin-research/Concordia-Research-Multibot/src/turtlebot3_multi_robot/install/turtlebot3_multi_robot/share/turtlebot3_multi_robot//launch/gazebo_multi_world.launch.py
-- Up-to-date: /home/safin/Documents/safin-research/Concordia-Research-Multibot/src/turtlebot3_multi_robot/install/turtlebot3_multi_robot/share/turtlebot3_multi_robot//launch/nav2_bringup
-- Up-to-date: /home/safin/Documents/safin-research/Concordia-Research-Multibot/src/turtlebot3_multi_robot/install/turtlebot3_multi_robot/share/turtlebot3_multi_robot//launch/nav2_bringup/navigation_launch.py
-- Up-to-date: /home/safin/Documents/safin-research/Concordia-Research-Multibot/src/turtlebot3_multi_robot/install/turtlebot3_multi_robot/share/turtlebot3_multi_robot//launch/nav2_bringup/bringup_launch.py
-- Up-to-date: /home/safin/Documents/safin-research/Concordia-Research-Multibot/src/turtlebot3_multi_robot/install/turtlebot3_multi_robot/share/turtlebot3_multi_robot//launch/nav2_bringup/rviz_launch.py
-- Up-to-date: /home/safin/Documents/safin-research/Concordia-Research-Multibot/src/turtlebot3_multi_robot/install/turtlebot3_multi_robot/share/turtlebot3_multi_robot//launch/nav2_bringup/slam_launch.py
-- Up-to-date: /home/safin/Documents/safin-research/Concordia-Research-Multibot/src/turtlebot3_multi_robot/install/turtlebot3_multi_robot/share/turtlebot3_multi_robot//launch/nav2_bringup/localization_launch.py
-- Up-to-date: /home/safin/Documents/safin-research/Concordia-Research-Multibot/src/turtlebot3_multi_robot/install/turtlebot3_multi_robot/share/turtlebot3_multi_robot//models
-- Up-to-date: /home/safin/Documents/safin-research/Concordia-Research-Multibot/src/turtlebot3_multi_robot/install/turtlebot3_multi_robot/share/turtlebot3_multi_robot//models/turtlebot3_waffle
-- Up-to-date: /home/safin/Documents/safin-research/Concordia-Research-Multibot/src/turtlebot3_multi_robot/install/turtlebot3_multi_robot/share/turtlebot3_multi_robot//models/turtlebot3_waffle/meshes
-- Up-to-date: /home/safin/Documents/safin-research/Concordia-Research-Multibot/src/turtlebot3_multi_robot/install/turtlebot3_multi_robot/share/turtlebot3_multi_robot//models/turtlebot3_waffle/meshes/r200.dae
-- Up-to-date: /home/safin/Documents/safin-research/Concordia-Research-Multibot/src/turtlebot3_multi_robot/install/turtlebot3_multi_robot/share/turtlebot3_multi_robot//models/turtlebot3_waffle/meshes/lds.dae
-- Up-to-date: /home/safin/Documents/safin-research/Concordia-Research-Multibot/src/turtlebot3_multi_robot/install/turtlebot3_multi_robot/share/turtlebot3_multi_robot//models/turtlebot3_waffle/meshes/waffle_base.dae
-- Up-to-date: /home/safin/Documents/safin-research/Concordia-Research-Multibot/src/turtlebot3_multi_robot/install/turtlebot3_multi_robot/share/turtlebot3_multi_robot//models/turtlebot3_waffle/meshes/tire.dae
-- Up-to-date: /home/safin/Documents/safin-research/Concordia-Research-Multibot/src/turtlebot3_multi_robot/install/turtlebot3_multi_robot/share/turtlebot3_multi_robot//models/turtlebot3_waffle/model.sdf
-- Up-to-date: /home/safin/Documents/safin-research/Concordia-Research-Multibot/src/turtlebot3_multi_robot/install/turtlebot3_multi_robot/share/turtlebot3_multi_robot//models/turtlebot3_waffle/model-1_4.sdf
-- Up-to-date: /home/safin/Documents/safin-research/Concordia-Research-Multibot/src/turtlebot3_multi_robot/install/turtlebot3_multi_robot/share/turtlebot3_multi_robot//models/turtlebot3_waffle/model.config
-- Up-to-date: /home/safin/Documents/safin-research/Concordia-Research-Multibot/src/turtlebot3_multi_robot/install/turtlebot3_multi_robot/share/turtlebot3_multi_robot//models/turtlebot3_waffle/model_nocamera.sdf
-- Up-to-date: /home/safin/Documents/safin-research/Concordia-Research-Multibot/src/turtlebot3_multi_robot/install/turtlebot3_multi_robot/share/turtlebot3_multi_robot//models/marker
-- Up-to-date: /home/safin/Documents/safin-research/Concordia-Research-Multibot/src/turtlebot3_multi_robot/install/turtlebot3_multi_robot/share/turtlebot3_multi_robot//models/marker/model.sdf
-- Up-to-date: /home/safin/Documents/safin-research/Concordia-Research-Multibot/src/turtlebot3_multi_robot/install/turtlebot3_multi_robot/share/turtlebot3_multi_robot//models/walls
-- Up-to-date: /home/safin/Documents/safin-research/Concordia-Research-Multibot/src/turtlebot3_multi_robot/install/turtlebot3_multi_robot/share/turtlebot3_multi_robot//models/walls/meshes
-- Up-to-date: /home/safin/Documents/safin-research/Concordia-Research-Multibot/src/turtlebot3_multi_robot/install/turtlebot3_multi_robot/share/turtlebot3_multi_robot//models/walls/meshes/mailbox.dae
-- Up-to-date: /home/safin/Documents/safin-research/Concordia-Research-Multibot/src/turtlebot3_multi_robot/install/turtlebot3_multi_robot/share/turtlebot3_multi_robot//models/walls/model.sdf
-- Up-to-date: /home/safin/Documents/safin-research/Concordia-Research-Multibot/src/turtlebot3_multi_robot/install/turtlebot3_multi_robot/share/turtlebot3_multi_robot//models/walls/model.config
-- Up-to-date: /home/safin/Documents/safin-research/Concordia-Research-Multibot/src/turtlebot3_multi_robot/install/turtlebot3_multi_robot/share/turtlebot3_multi_robot//models/walls/materials
-- Up-to-date: /home/safin/Documents/safin-research/Concordia-Research-Multibot/src/turtlebot3_multi_robot/install/turtlebot3_multi_robot/share/turtlebot3_multi_robot//models/walls/materials/scripts
-- Up-to-date: /home/safin/Documents/safin-research/Concordia-Research-Multibot/src/turtlebot3_multi_robot/install/turtlebot3_multi_robot/share/turtlebot3_multi_robot//models/walls/materials/scripts/mailbox.material
-- Up-to-date: /home/safin/Documents/safin-research/Concordia-Research-Multibot/src/turtlebot3_multi_robot/install/turtlebot3_multi_robot/share/turtlebot3_multi_robot//models/walls/materials/textures
-- Up-to-date: /home/safin/Documents/safin-research/Concordia-Research-Multibot/src/turtlebot3_multi_robot/install/turtlebot3_multi_robot/share/turtlebot3_multi_robot//models/walls/materials/textures/Mailbox_Diffuse.png
-- Up-to-date: /home/safin/Documents/safin-research/Concordia-Research-Multibot/src/turtlebot3_multi_robot/install/turtlebot3_multi_robot/share/turtlebot3_multi_robot//models/walls/materials/textures/Mailbox_Spec.png
-- Up-to-date: /home/safin/Documents/safin-research/Concordia-Research-Multibot/src/turtlebot3_multi_robot/install/turtlebot3_multi_robot/share/turtlebot3_multi_robot//models/walls/materials/textures/Mailbox_Diffuse.tga.orig
-- Up-to-date: /home/safin/Documents/safin-research/Concordia-Research-Multibot/src/turtlebot3_multi_robot/install/turtlebot3_multi_robot/share/turtlebot3_multi_robot//models/floor_plan
-- Up-to-date: /home/safin/Documents/safin-research/Concordia-Research-Multibot/src/turtlebot3_multi_robot/install/turtlebot3_multi_robot/share/turtlebot3_multi_robot//models/floor_plan/meshes
-- Up-to-date: /home/safin/Documents/safin-research/Concordia-Research-Multibot/src/turtlebot3_multi_robot/install/turtlebot3_multi_robot/share/turtlebot3_multi_robot//models/floor_plan/meshes/EV9.dae
-- Up-to-date: /home/safin/Documents/safin-research/Concordia-Research-Multibot/src/turtlebot3_multi_robot/install/turtlebot3_multi_robot/share/turtlebot3_multi_robot//models/floor_plan/floor_plan.sdf
-- Up-to-date: /home/safin/Documents/safin-research/Concordia-Research-Multibot/src/turtlebot3_multi_robot/install/turtlebot3_multi_robot/share/turtlebot3_multi_robot//models/floor_plan/model.config
-- Up-to-date: /home/safin/Documents/safin-research/Concordia-Research-Multibot/src/turtlebot3_multi_robot/install/turtlebot3_multi_robot/share/turtlebot3_multi_robot//models/turtlebot3_burger
-- Up-to-date: /home/safin/Documents/safin-research/Concordia-Research-Multibot/src/turtlebot3_multi_robot/install/turtlebot3_multi_robot/share/turtlebot3_multi_robot//models/turtlebot3_burger/meshes
-- Up-to-date: /home/safin/Documents/safin-research/Concordia-Research-Multibot/src/turtlebot3_multi_robot/install/turtlebot3_multi_robot/share/turtlebot3_multi_robot//models/turtlebot3_burger/meshes/lds.dae
-- Up-to-date: /home/safin/Documents/safin-research/Concordia-Research-Multibot/src/turtlebot3_multi_robot/install/turtlebot3_multi_robot/share/turtlebot3_multi_robot//models/turtlebot3_burger/meshes/tire.dae
-- Up-to-date: /home/safin/Documents/safin-research/Concordia-Research-Multibot/src/turtlebot3_multi_robot/install/turtlebot3_multi_robot/share/turtlebot3_multi_robot//models/turtlebot3_burger/meshes/burger_base.dae
-- Up-to-date: /home/safin/Documents/safin-research/Concordia-Research-Multibot/src/turtlebot3_multi_robot/install/turtlebot3_multi_robot/share/turtlebot3_multi_robot//models/turtlebot3_burger/model.sdf
-- Up-to-date: /home/safin/Documents/safin-research/Concordia-Research-Multibot/src/turtlebot3_multi_robot/install/turtlebot3_multi_robot/share/turtlebot3_multi_robot//models/turtlebot3_burger/model-1_4.sdf
-- Up-to-date: /home/safin/Documents/safin-research/Concordia-Research-Multibot/src/turtlebot3_multi_robot/install/turtlebot3_multi_robot/share/turtlebot3_multi_robot//models/turtlebot3_burger/model.config
-- Up-to-date: /home/safin/Documents/safin-research/Concordia-Research-Multibot/src/turtlebot3_multi_robot/install/turtlebot3_multi_robot/share/turtlebot3_multi_robot//rviz
-- Up-to-date: /home/safin/Documents/safin-research/Concordia-Research-Multibot/src/turtlebot3_multi_robot/install/turtlebot3_multi_robot/share/turtlebot3_multi_robot//rviz/multi_nav2_default_view.rviz
-- Up-to-date: /home/safin/Documents/safin-research/Concordia-Research-Multibot/src/turtlebot3_multi_robot/install/turtlebot3_multi_robot/share/turtlebot3_multi_robot//rviz/nav2_default_view.rviz
-- Up-to-date: /home/safin/Documents/safin-research/Concordia-Research-Multibot/src/turtlebot3_multi_robot/install/turtlebot3_multi_robot/share/turtlebot3_multi_robot//urdf
-- Up-to-date: /home/safin/Documents/safin-research/Concordia-Research-Multibot/src/turtlebot3_multi_robot/install/turtlebot3_multi_robot/share/turtlebot3_multi_robot//urdf/turtlebot3_burger.urdf
-- Up-to-date: /home/safin/Documents/safin-research/Concordia-Research-Multibot/src/turtlebot3_multi_robot/install/turtlebot3_multi_robot/share/turtlebot3_multi_robot//urdf/turtlebot3_waffle23.urdf
-- Up-to-date: /home/safin/Documents/safin-research/Concordia-Research-Multibot/src/turtlebot3_multi_robot/install/turtlebot3_multi_robot/share/turtlebot3_multi_robot//urdf/turtlebot3_waffle.urdf
-- Up-to-date: /home/safin/Documents/safin-research/Concordia-Research-Multibot/src/turtlebot3_multi_robot/install/turtlebot3_multi_robot/share/turtlebot3_multi_robot//urdf/common_properties.urdf
-- Up-to-date: /home/safin/Documents/safin-research/Concordia-Research-Multibot/src/turtlebot3_multi_robot/install/turtlebot3_multi_robot/share/turtlebot3_multi_robot//worlds
-- Up-to-date: /home/safin/Documents/safin-research/Concordia-Research-Multibot/src/turtlebot3_multi_robot/install/turtlebot3_multi_robot/share/turtlebot3_multi_robot//worlds/multi_robot_world.world
-- Up-to-date: /home/safin/Documents/safin-research/Concordia-Research-Multibot/src/turtlebot3_multi_robot/install/turtlebot3_multi_robot/share/turtlebot3_multi_robot//worlds/ev_9.world
-- Up-to-date: /home/safin/Documents/safin-research/Concordia-Research-Multibot/src/turtlebot3_multi_robot/install/turtlebot3_multi_robot/share/turtlebot3_multi_robot//worlds/ev9_floor_plan_world.world
-- Up-to-date: /home/safin/Documents/safin-research/Concordia-Research-Multibot/src/turtlebot3_multi_robot/install/turtlebot3_multi_robot/share/turtlebot3_multi_robot//worlds/multi_empty_world.world
-- Up-to-date: /home/safin/Documents/safin-research/Concordia-Research-Multibot/src/turtlebot3_multi_robot/install/turtlebot3_multi_robot/share/turtlebot3_multi_robot//params
-- Up-to-date: /home/safin/Documents/safin-research/Concordia-Research-Multibot/src/turtlebot3_multi_robot/install/turtlebot3_multi_robot/share/turtlebot3_multi_robot//params/nav2_params.yaml
-- Up-to-date: /home/safin/Documents/safin-research/Concordia-Research-Multibot/src/turtlebot3_multi_robot/install/turtlebot3_multi_robot/share/turtlebot3_multi_robot//scripts
-- Up-to-date: /home/safin/Documents/safin-research/Concordia-Research-Multibot/src/turtlebot3_multi_robot/install/turtlebot3_multi_robot/share/turtlebot3_multi_robot//scripts/spawn.py
-- Up-to-date: /home/safin/Documents/safin-research/Concordia-Research-Multibot/src/turtlebot3_multi_robot/install/turtlebot3_multi_robot/share/turtlebot3_multi_robot//scripts/monitor_position.py
-- Up-to-date: /home/safin/Documents/safin-research/Concordia-Research-Multibot/src/turtlebot3_multi_robot/install/turtlebot3_multi_robot/share/turtlebot3_multi_robot//scripts/goal_listener_and_sender.py
-- Up-to-date: /home/safin/Documents/safin-research/Concordia-Research-Multibot/src/turtlebot3_multi_robot/install/turtlebot3_multi_robot/share/turtlebot3_multi_robot/maps
-- Up-to-date: /home/safin/Documents/safin-research/Concordia-Research-Multibot/src/turtlebot3_multi_robot/install/turtlebot3_multi_robot/share/turtlebot3_multi_robot/config
-- Up-to-date: /home/safin/Documents/safin-research/Concordia-Research-Multibot/src/turtlebot3_multi_robot/install/turtlebot3_multi_robot/share/turtlebot3_multi_robot/config/map.yaml
-- Up-to-date: /home/safin/Documents/safin-research/Concordia-Research-Multibot/src/turtlebot3_multi_robot/install/turtlebot3_multi_robot/share/turtlebot3_multi_robot/config/blank_map.yaml
-- Up-to-date: /home/safin/Documents/safin-research/Concordia-Research-Multibot/src/turtlebot3_multi_robot/install/turtlebot3_multi_robot/share/turtlebot3_multi_robot/config/my_map.yaml
-- Up-to-date: /home/safin/Documents/safin-research/Concordia-Research-Multibot/src/turtlebot3_multi_robot/install/turtlebot3_multi_robot/share/turtlebot3_multi_robot/config/my_world_map.pgm
-- Up-to-date: /home/safin/Documents/safin-research/Concordia-Research-Multibot/src/turtlebot3_multi_robot/install/turtlebot3_multi_robot/share/turtlebot3_multi_robot/config/blank_map.pgm
-- Up-to-date: /home/safin/Documents/safin-research/Concordia-Research-Multibot/src/turtlebot3_multi_robot/install/turtlebot3_multi_robot/share/turtlebot3_multi_robot/config/map.pgm
-- Up-to-date: /home/safin/Documents/safin-research/Concordia-Research-Multibot/src/turtlebot3_multi_robot/install/turtlebot3_multi_robot/share/turtlebot3_multi_robot/config/my_map.pgm
-- Up-to-date: /home/safin/Documents/safin-research/Concordia-Research-Multibot/src/turtlebot3_multi_robot/install/turtlebot3_multi_robot/share/turtlebot3_multi_robot/config/my_world_map.yaml
-- Up-to-date: /home/safin/Documents/safin-research/Concordia-Research-Multibot/src/turtlebot3_multi_robot/install/turtlebot3_multi_robot/lib/turtlebot3_multi_robot/goal_listener_and_sender.py
-- Up-to-date: /home/safin/Documents/safin-research/Concordia-Research-Multibot/src/turtlebot3_multi_robot/install/turtlebot3_multi_robot/lib/turtlebot3_multi_robot/monitor_position.py
-- Up-to-date: /home/safin/Documents/safin-research/Concordia-Research-Multibot/src/turtlebot3_multi_robot/install/turtlebot3_multi_robot/lib/turtlebot3_multi_robot/spawn.py
-- Up-to-date: /home/safin/Documents/safin-research/Concordia-Research-Multibot/src/turtlebot3_multi_robot/install/turtlebot3_multi_robot/share/turtlebot3_multi_robot/environment/multi_robot.dsv
-- Installing: /home/safin/Documents/safin-research/Concordia-Research-Multibot/src/turtlebot3_multi_robot/install/turtlebot3_multi_robot/share/ament_index/resource_index/package_run_dependencies/turtlebot3_multi_robot
-- Installing: /home/safin/Documents/safin-research/Concordia-Research-Multibot/src/turtlebot3_multi_robot/install/turtlebot3_multi_robot/share/ament_index/resource_index/parent_prefix_path/turtlebot3_multi_robot
-- Up-to-date: /home/safin/Documents/safin-research/Concordia-Research-Multibot/src/turtlebot3_multi_robot/install/turtlebot3_multi_robot/share/turtlebot3_multi_robot/environment/ament_prefix_path.sh
-- Up-to-date: /home/safin/Documents/safin-research/Concordia-Research-Multibot/src/turtlebot3_multi_robot/install/turtlebot3_multi_robot/share/turtlebot3_multi_robot/environment/ament_prefix_path.dsv
-- Up-to-date: /home/safin/Documents/safin-research/Concordia-Research-Multibot/src/turtlebot3_multi_robot/install/turtlebot3_multi_robot/share/turtlebot3_multi_robot/environment/path.sh
-- Up-to-date: /home/safin/Documents/safin-research/Concordia-Research-Multibot/src/turtlebot3_multi_robot/install/turtlebot3_multi_robot/share/turtlebot3_multi_robot/environment/path.dsv
-- Up-to-date: /home/safin/Documents/safin-research/Concordia-Research-Multibot/src/turtlebot3_multi_robot/install/turtlebot3_multi_robot/share/turtlebot3_multi_robot/local_setup.bash
-- Up-to-date: /home/safin/Documents/safin-research/Concordia-Research-Multibot/src/turtlebot3_multi_robot/install/turtlebot3_multi_robot/share/turtlebot3_multi_robot/local_setup.sh
-- Up-to-date: /home/safin/Documents/safin-research/Concordia-Research-Multibot/src/turtlebot3_multi_robot/install/turtlebot3_multi_robot/share/turtlebot3_multi_robot/local_setup.zsh
-- Up-to-date: /home/safin/Documents/safin-research/Concordia-Research-Multibot/src/turtlebot3_multi_robot/install/turtlebot3_multi_robot/share/turtlebot3_multi_robot/local_setup.dsv
-- Installing: /home/safin/Documents/safin-research/Concordia-Research-Multibot/src/turtlebot3_multi_robot/install/turtlebot3_multi_robot/share/turtlebot3_multi_robot/package.dsv
-- Up-to-date: /home/safin/Documents/safin-research/Concordia-Research-Multibot/src/turtlebot3_multi_robot/install/turtlebot3_multi_robot/share/ament_index/resource_index/packages/turtlebot3_multi_robot
-- Up-to-date: /home/safin/Documents/safin-research/Concordia-Research-Multibot/src/turtlebot3_multi_robot/install/turtlebot3_multi_robot/share/turtlebot3_multi_robot/cmake/turtlebot3_multi_robotConfig.cmake
-- Up-to-date: /home/safin/Documents/safin-research/Concordia-Research-Multibot/src/turtlebot3_multi_robot/install/turtlebot3_multi_robot/share/turtlebot3_multi_robot/cmake/turtlebot3_multi_robotConfig-version.cmake
-- Installing: /home/safin/Documents/safin-research/Concordia-Research-Multibot/src/turtlebot3_multi_robot/install/turtlebot3_multi_robot/share/turtlebot3_multi_robot/package.xml
