[0.006s] Invoking command in '/home/safin/Documents/safin-research/Concordia-Research-Multibot/src/turtlebot3_multi_robot/build/turtlebot3_multi_robot': CMAKE_PREFIX_PATH=${CMAKE_PREFIX_PATH}:/opt/ros/jazzy DEBUGINFOD_URLS=https://debuginfod.ubuntu.com /usr/bin/cmake /home/safin/Documents/safin-research/Concordia-Research-Multibot/src/turtlebot3_multi_robot -DCMAKE_INSTALL_PREFIX=/home/safin/Documents/safin-research/Concordia-Research-Multibot/src/turtlebot3_multi_robot/install/turtlebot3_multi_robot
[0.017s] -- Found ament_cmake: 2.5.3 (/opt/ros/jazzy/share/ament_cmake/cmake)
[0.192s] -- Found rclcpp: 28.1.8 (/opt/ros/jazzy/share/rclcpp/cmake)
[0.208s] -- Found rosidl_generator_c: 4.6.5 (/opt/ros/jazzy/share/rosidl_generator_c/cmake)
[0.212s] -- Found rosidl_generator_cpp: 4.6.5 (/opt/ros/jazzy/share/rosidl_generator_cpp/cmake)
[0.218s] -- Using all available rosidl_typesupport_c: rosidl_typesupport_fastrtps_c;rosidl_typesupport_introspection_c
[0.225s] -- Using all available rosidl_typesupport_cpp: rosidl_typesupport_fastrtps_cpp;rosidl_typesupport_introspection_cpp
[0.260s] -- Found rmw_implementation_cmake: 7.3.2 (/opt/ros/jazzy/share/rmw_implementation_cmake/cmake)
[0.261s] -- Found rmw_fastrtps_cpp: 8.4.2 (/opt/ros/jazzy/share/rmw_fastrtps_cpp/cmake)
[0.312s] -- Using RMW implementation 'rmw_fastrtps_cpp' as default
[0.352s] -- Found rclpy: 7.1.4 (/opt/ros/jazzy/share/rclpy/cmake)
[0.352s] -- Found geometry_msgs: 5.3.6 (/opt/ros/jazzy/share/geometry_msgs/cmake)
[0.371s] -- Found nav2_msgs: 1.3.5 (/opt/ros/jazzy/share/nav2_msgs/cmake)
[0.528s] -- Configuring done (0.5s)
[0.530s] -- Generating done (0.0s)
[0.531s] -- Build files have been written to: /home/safin/Documents/safin-research/Concordia-Research-Multibot/src/turtlebot3_multi_robot/build/turtlebot3_multi_robot
[0.536s] Invoked command in '/home/safin/Documents/safin-research/Concordia-Research-Multibot/src/turtlebot3_multi_robot/build/turtlebot3_multi_robot' returned '0': CMAKE_PREFIX_PATH=${CMAKE_PREFIX_PATH}:/opt/ros/jazzy DEBUGINFOD_URLS=https://debuginfod.ubuntu.com /usr/bin/cmake /home/safin/Documents/safin-research/Concordia-Research-Multibot/src/turtlebot3_multi_robot -DCMAKE_INSTALL_PREFIX=/home/safin/Documents/safin-research/Concordia-Research-Multibot/src/turtlebot3_multi_robot/install/turtlebot3_multi_robot
[0.537s] Invoking command in '/home/safin/Documents/safin-research/Concordia-Research-Multibot/src/turtlebot3_multi_robot/build/turtlebot3_multi_robot': CMAKE_PREFIX_PATH=${CMAKE_PREFIX_PATH}:/opt/ros/jazzy DEBUGINFOD_URLS=https://debuginfod.ubuntu.com /usr/bin/cmake --build /home/safin/Documents/safin-research/Concordia-Research-Multibot/src/turtlebot3_multi_robot/build/turtlebot3_multi_robot -- -j12 -l12
[0.576s] Invoked command in '/home/safin/Documents/safin-research/Concordia-Research-Multibot/src/turtlebot3_multi_robot/build/turtlebot3_multi_robot' returned '0': CMAKE_PREFIX_PATH=${CMAKE_PREFIX_PATH}:/opt/ros/jazzy DEBUGINFOD_URLS=https://debuginfod.ubuntu.com /usr/bin/cmake --build /home/safin/Documents/safin-research/Concordia-Research-Multibot/src/turtlebot3_multi_robot/build/turtlebot3_multi_robot -- -j12 -l12
[0.589s] Invoking command in '/home/safin/Documents/safin-research/Concordia-Research-Multibot/src/turtlebot3_multi_robot/build/turtlebot3_multi_robot': CMAKE_PREFIX_PATH=${CMAKE_PREFIX_PATH}:/opt/ros/jazzy DEBUGINFOD_URLS=https://debuginfod.ubuntu.com /usr/bin/cmake --install /home/safin/Documents/safin-research/Concordia-Research-Multibot/src/turtlebot3_multi_robot/build/turtlebot3_multi_robot
[0.599s] -- Install configuration: ""
[0.599s] -- Installing: /home/safin/Documents/safin-research/Concordia-Research-Multibot/src/turtlebot3_multi_robot/install/turtlebot3_multi_robot/share/turtlebot3_multi_robot//launch
[0.599s] -- Installing: /home/safin/Documents/safin-research/Concordia-Research-Multibot/src/turtlebot3_multi_robot/install/turtlebot3_multi_robot/share/turtlebot3_multi_robot//launch/gazebo_multi_nav2_world.launch.py
[0.601s] -- Installing: /home/safin/Documents/safin-research/Concordia-Research-Multibot/src/turtlebot3_multi_robot/install/turtlebot3_multi_robot/share/turtlebot3_multi_robot//launch/gazebo_multi_world.launch.py
[0.601s] -- Installing: /home/safin/Documents/safin-research/Concordia-Research-Multibot/src/turtlebot3_multi_robot/install/turtlebot3_multi_robot/share/turtlebot3_multi_robot//launch/nav2_bringup
[0.601s] -- Installing: /home/safin/Documents/safin-research/Concordia-Research-Multibot/src/turtlebot3_multi_robot/install/turtlebot3_multi_robot/share/turtlebot3_multi_robot//launch/nav2_bringup/navigation_launch.py
[0.601s] -- Installing: /home/safin/Documents/safin-research/Concordia-Research-Multibot/src/turtlebot3_multi_robot/install/turtlebot3_multi_robot/share/turtlebot3_multi_robot//launch/nav2_bringup/bringup_launch.py
[0.602s] -- Installing: /home/safin/Documents/safin-research/Concordia-Research-Multibot/src/turtlebot3_multi_robot/install/turtlebot3_multi_robot/share/turtlebot3_multi_robot//launch/nav2_bringup/rviz_launch.py
[0.602s] -- Installing: /home/safin/Documents/safin-research/Concordia-Research-Multibot/src/turtlebot3_multi_robot/install/turtlebot3_multi_robot/share/turtlebot3_multi_robot//launch/nav2_bringup/slam_launch.py
[0.602s] -- Installing: /home/safin/Documents/safin-research/Concordia-Research-Multibot/src/turtlebot3_multi_robot/install/turtlebot3_multi_robot/share/turtlebot3_multi_robot//launch/nav2_bringup/localization_launch.py
[0.602s] -- Installing: /home/safin/Documents/safin-research/Concordia-Research-Multibot/src/turtlebot3_multi_robot/install/turtlebot3_multi_robot/share/turtlebot3_multi_robot//models
[0.602s] -- Installing: /home/safin/Documents/safin-research/Concordia-Research-Multibot/src/turtlebot3_multi_robot/install/turtlebot3_multi_robot/share/turtlebot3_multi_robot//models/turtlebot3_waffle
[0.602s] -- Installing: /home/safin/Documents/safin-research/Concordia-Research-Multibot/src/turtlebot3_multi_robot/install/turtlebot3_multi_robot/share/turtlebot3_multi_robot//models/turtlebot3_waffle/meshes
[0.602s] -- Installing: /home/safin/Documents/safin-research/Concordia-Research-Multibot/src/turtlebot3_multi_robot/install/turtlebot3_multi_robot/share/turtlebot3_multi_robot//models/turtlebot3_waffle/meshes/r200.dae
[0.603s] -- Installing: /home/safin/Documents/safin-research/Concordia-Research-Multibot/src/turtlebot3_multi_robot/install/turtlebot3_multi_robot/share/turtlebot3_multi_robot//models/turtlebot3_waffle/meshes/lds.dae
[0.603s] -- Installing: /home/safin/Documents/safin-research/Concordia-Research-Multibot/src/turtlebot3_multi_robot/install/turtlebot3_multi_robot/share/turtlebot3_multi_robot//models/turtlebot3_waffle/meshes/waffle_base.dae
[0.603s] -- Installing: /home/safin/Documents/safin-research/Concordia-Research-Multibot/src/turtlebot3_multi_robot/install/turtlebot3_multi_robot/share/turtlebot3_multi_robot//models/turtlebot3_waffle/meshes/tire.dae
[0.603s] -- Installing: /home/safin/Documents/safin-research/Concordia-Research-Multibot/src/turtlebot3_multi_robot/install/turtlebot3_multi_robot/share/turtlebot3_multi_robot//models/turtlebot3_waffle/model.sdf
[0.603s] -- Installing: /home/safin/Documents/safin-research/Concordia-Research-Multibot/src/turtlebot3_multi_robot/install/turtlebot3_multi_robot/share/turtlebot3_multi_robot//models/turtlebot3_waffle/model-1_4.sdf
[0.603s] -- Installing: /home/safin/Documents/safin-research/Concordia-Research-Multibot/src/turtlebot3_multi_robot/install/turtlebot3_multi_robot/share/turtlebot3_multi_robot//models/turtlebot3_waffle/model.config
[0.603s] -- Installing: /home/safin/Documents/safin-research/Concordia-Research-Multibot/src/turtlebot3_multi_robot/install/turtlebot3_multi_robot/share/turtlebot3_multi_robot//models/turtlebot3_waffle/model_nocamera.sdf
[0.603s] -- Installing: /home/safin/Documents/safin-research/Concordia-Research-Multibot/src/turtlebot3_multi_robot/install/turtlebot3_multi_robot/share/turtlebot3_multi_robot//models/marker
[0.604s] -- Installing: /home/safin/Documents/safin-research/Concordia-Research-Multibot/src/turtlebot3_multi_robot/install/turtlebot3_multi_robot/share/turtlebot3_multi_robot//models/marker/model.sdf
[0.604s] -- Installing: /home/safin/Documents/safin-research/Concordia-Research-Multibot/src/turtlebot3_multi_robot/install/turtlebot3_multi_robot/share/turtlebot3_multi_robot//models/walls
[0.604s] -- Installing: /home/safin/Documents/safin-research/Concordia-Research-Multibot/src/turtlebot3_multi_robot/install/turtlebot3_multi_robot/share/turtlebot3_multi_robot//models/walls/meshes
[0.604s] -- Installing: /home/safin/Documents/safin-research/Concordia-Research-Multibot/src/turtlebot3_multi_robot/install/turtlebot3_multi_robot/share/turtlebot3_multi_robot//models/walls/meshes/mailbox.dae
[0.604s] -- Installing: /home/safin/Documents/safin-research/Concordia-Research-Multibot/src/turtlebot3_multi_robot/install/turtlebot3_multi_robot/share/turtlebot3_multi_robot//models/walls/model.sdf
[0.604s] -- Installing: /home/safin/Documents/safin-research/Concordia-Research-Multibot/src/turtlebot3_multi_robot/install/turtlebot3_multi_robot/share/turtlebot3_multi_robot//models/walls/model.config
[0.604s] -- Installing: /home/safin/Documents/safin-research/Concordia-Research-Multibot/src/turtlebot3_multi_robot/install/turtlebot3_multi_robot/share/turtlebot3_multi_robot//models/walls/materials
[0.605s] -- Installing: /home/safin/Documents/safin-research/Concordia-Research-Multibot/src/turtlebot3_multi_robot/install/turtlebot3_multi_robot/share/turtlebot3_multi_robot//models/walls/materials/scripts
[0.605s] -- Installing: /home/safin/Documents/safin-research/Concordia-Research-Multibot/src/turtlebot3_multi_robot/install/turtlebot3_multi_robot/share/turtlebot3_multi_robot//models/walls/materials/scripts/mailbox.material
[0.605s] -- Installing: /home/safin/Documents/safin-research/Concordia-Research-Multibot/src/turtlebot3_multi_robot/install/turtlebot3_multi_robot/share/turtlebot3_multi_robot//models/walls/materials/textures
[0.605s] -- Installing: /home/safin/Documents/safin-research/Concordia-Research-Multibot/src/turtlebot3_multi_robot/install/turtlebot3_multi_robot/share/turtlebot3_multi_robot//models/walls/materials/textures/Mailbox_Diffuse.png
[0.605s] -- Installing: /home/safin/Documents/safin-research/Concordia-Research-Multibot/src/turtlebot3_multi_robot/install/turtlebot3_multi_robot/share/turtlebot3_multi_robot//models/walls/materials/textures/Mailbox_Spec.png
[0.605s] -- Installing: /home/safin/Documents/safin-research/Concordia-Research-Multibot/src/turtlebot3_multi_robot/install/turtlebot3_multi_robot/share/turtlebot3_multi_robot//models/walls/materials/textures/Mailbox_Diffuse.tga.orig
[0.607s] -- Installing: /home/safin/Documents/safin-research/Concordia-Research-Multibot/src/turtlebot3_multi_robot/install/turtlebot3_multi_robot/share/turtlebot3_multi_robot//models/floor_plan
[0.607s] -- Installing: /home/safin/Documents/safin-research/Concordia-Research-Multibot/src/turtlebot3_multi_robot/install/turtlebot3_multi_robot/share/turtlebot3_multi_robot//models/floor_plan/meshes
[0.607s] -- Installing: /home/safin/Documents/safin-research/Concordia-Research-Multibot/src/turtlebot3_multi_robot/install/turtlebot3_multi_robot/share/turtlebot3_multi_robot//models/floor_plan/meshes/EV9.dae
[0.610s] -- Installing: /home/safin/Documents/safin-research/Concordia-Research-Multibot/src/turtlebot3_multi_robot/install/turtlebot3_multi_robot/share/turtlebot3_multi_robot//models/floor_plan/floor_plan.sdf
[0.610s] -- Installing: /home/safin/Documents/safin-research/Concordia-Research-Multibot/src/turtlebot3_multi_robot/install/turtlebot3_multi_robot/share/turtlebot3_multi_robot//models/floor_plan/model.config
[0.610s] -- Installing: /home/safin/Documents/safin-research/Concordia-Research-Multibot/src/turtlebot3_multi_robot/install/turtlebot3_multi_robot/share/turtlebot3_multi_robot//models/turtlebot3_burger
[0.610s] -- Installing: /home/safin/Documents/safin-research/Concordia-Research-Multibot/src/turtlebot3_multi_robot/install/turtlebot3_multi_robot/share/turtlebot3_multi_robot//models/turtlebot3_burger/meshes
[0.610s] -- Installing: /home/safin/Documents/safin-research/Concordia-Research-Multibot/src/turtlebot3_multi_robot/install/turtlebot3_multi_robot/share/turtlebot3_multi_robot//models/turtlebot3_burger/meshes/lds.dae
[0.610s] -- Installing: /home/safin/Documents/safin-research/Concordia-Research-Multibot/src/turtlebot3_multi_robot/install/turtlebot3_multi_robot/share/turtlebot3_multi_robot//models/turtlebot3_burger/meshes/tire.dae
[0.610s] -- Installing: /home/safin/Documents/safin-research/Concordia-Research-Multibot/src/turtlebot3_multi_robot/install/turtlebot3_multi_robot/share/turtlebot3_multi_robot//models/turtlebot3_burger/meshes/burger_base.dae
[0.610s] -- Installing: /home/safin/Documents/safin-research/Concordia-Research-Multibot/src/turtlebot3_multi_robot/install/turtlebot3_multi_robot/share/turtlebot3_multi_robot//models/turtlebot3_burger/model.sdf
[0.611s] -- Installing: /home/safin/Documents/safin-research/Concordia-Research-Multibot/src/turtlebot3_multi_robot/install/turtlebot3_multi_robot/share/turtlebot3_multi_robot//models/turtlebot3_burger/model-1_4.sdf
[0.611s] -- Installing: /home/safin/Documents/safin-research/Concordia-Research-Multibot/src/turtlebot3_multi_robot/install/turtlebot3_multi_robot/share/turtlebot3_multi_robot//models/turtlebot3_burger/model.config
[0.611s] -- Installing: /home/safin/Documents/safin-research/Concordia-Research-Multibot/src/turtlebot3_multi_robot/install/turtlebot3_multi_robot/share/turtlebot3_multi_robot//rviz
[0.611s] -- Installing: /home/safin/Documents/safin-research/Concordia-Research-Multibot/src/turtlebot3_multi_robot/install/turtlebot3_multi_robot/share/turtlebot3_multi_robot//rviz/multi_nav2_default_view.rviz
[0.611s] -- Installing: /home/safin/Documents/safin-research/Concordia-Research-Multibot/src/turtlebot3_multi_robot/install/turtlebot3_multi_robot/share/turtlebot3_multi_robot//rviz/nav2_default_view.rviz
[0.611s] -- Installing: /home/safin/Documents/safin-research/Concordia-Research-Multibot/src/turtlebot3_multi_robot/install/turtlebot3_multi_robot/share/turtlebot3_multi_robot//urdf
[0.611s] -- Installing: /home/safin/Documents/safin-research/Concordia-Research-Multibot/src/turtlebot3_multi_robot/install/turtlebot3_multi_robot/share/turtlebot3_multi_robot//urdf/turtlebot3_burger.urdf
[0.611s] -- Installing: /home/safin/Documents/safin-research/Concordia-Research-Multibot/src/turtlebot3_multi_robot/install/turtlebot3_multi_robot/share/turtlebot3_multi_robot//urdf/turtlebot3_waffle23.urdf
[0.611s] -- Installing: /home/safin/Documents/safin-research/Concordia-Research-Multibot/src/turtlebot3_multi_robot/install/turtlebot3_multi_robot/share/turtlebot3_multi_robot//urdf/turtlebot3_waffle.urdf
[0.612s] -- Installing: /home/safin/Documents/safin-research/Concordia-Research-Multibot/src/turtlebot3_multi_robot/install/turtlebot3_multi_robot/share/turtlebot3_multi_robot//urdf/common_properties.urdf
[0.612s] -- Installing: /home/safin/Documents/safin-research/Concordia-Research-Multibot/src/turtlebot3_multi_robot/install/turtlebot3_multi_robot/share/turtlebot3_multi_robot//worlds
[0.612s] -- Installing: /home/safin/Documents/safin-research/Concordia-Research-Multibot/src/turtlebot3_multi_robot/install/turtlebot3_multi_robot/share/turtlebot3_multi_robot//worlds/multi_robot_world.world
[0.612s] -- Installing: /home/safin/Documents/safin-research/Concordia-Research-Multibot/src/turtlebot3_multi_robot/install/turtlebot3_multi_robot/share/turtlebot3_multi_robot//worlds/ev_9.world
[0.612s] -- Installing: /home/safin/Documents/safin-research/Concordia-Research-Multibot/src/turtlebot3_multi_robot/install/turtlebot3_multi_robot/share/turtlebot3_multi_robot//worlds/ev9_floor_plan_world.world
[0.612s] -- Installing: /home/safin/Documents/safin-research/Concordia-Research-Multibot/src/turtlebot3_multi_robot/install/turtlebot3_multi_robot/share/turtlebot3_multi_robot//worlds/multi_empty_world.world
[0.612s] -- Installing: /home/safin/Documents/safin-research/Concordia-Research-Multibot/src/turtlebot3_multi_robot/install/turtlebot3_multi_robot/share/turtlebot3_multi_robot//params
[0.612s] -- Installing: /home/safin/Documents/safin-research/Concordia-Research-Multibot/src/turtlebot3_multi_robot/install/turtlebot3_multi_robot/share/turtlebot3_multi_robot//params/nav2_params.yaml
[0.612s] -- Installing: /home/safin/Documents/safin-research/Concordia-Research-Multibot/src/turtlebot3_multi_robot/install/turtlebot3_multi_robot/share/turtlebot3_multi_robot//scripts
[0.613s] -- Installing: /home/safin/Documents/safin-research/Concordia-Research-Multibot/src/turtlebot3_multi_robot/install/turtlebot3_multi_robot/share/turtlebot3_multi_robot//scripts/spawn.py
[0.613s] -- Installing: /home/safin/Documents/safin-research/Concordia-Research-Multibot/src/turtlebot3_multi_robot/install/turtlebot3_multi_robot/share/turtlebot3_multi_robot//scripts/monitor_position.py
[0.613s] -- Installing: /home/safin/Documents/safin-research/Concordia-Research-Multibot/src/turtlebot3_multi_robot/install/turtlebot3_multi_robot/share/turtlebot3_multi_robot//scripts/goal_listener_and_sender.py
[0.613s] [31mCMake Error at cmake_install.cmake:58 (file):
[0.613s]   file INSTALL cannot find
[0.613s]   "/home/safin/Documents/safin-research/Concordia-Research-Multibot/src/turtlebot3_multi_robot/maps":
[0.613s]   No such file or directory.
[0.613s] 
[0.613s] [0m
[0.614s] Invoked command in '/home/safin/Documents/safin-research/Concordia-Research-Multibot/src/turtlebot3_multi_robot/build/turtlebot3_multi_robot' returned '1': CMAKE_PREFIX_PATH=${CMAKE_PREFIX_PATH}:/opt/ros/jazzy DEBUGINFOD_URLS=https://debuginfod.ubuntu.com /usr/bin/cmake --install /home/safin/Documents/safin-research/Concordia-Research-Multibot/src/turtlebot3_multi_robot/build/turtlebot3_multi_robot
