[0.106s] DEBUG:colcon:Command line arguments: ['/usr/bin/colcon', 'list', '-p', '--base-paths', '/home/safin/Documents/safin-research/Concordia-Research-Multibot']
[0.107s] DEBUG:colcon:Parsed command line arguments: Namespace(log_base=None, log_level=None, verb_name='list', build_base='build', ignore_user_meta=False, metas=['./colcon.meta'], base_paths=['/home/safin/Documents/safin-research/Concordia-Research-Multibot'], packages_ignore=None, packages_ignore_regex=None, paths=None, packages_up_to=None, packages_up_to_regex=None, packages_above=None, packages_above_and_dependencies=None, packages_above_depth=None, packages_select_by_dep=None, packages_skip_by_dep=None, packages_skip_up_to=None, packages_select_build_failed=False, packages_skip_build_finished=False, packages_select_test_failures=False, packages_skip_test_passed=False, packages_select=None, packages_skip=None, packages_select_regex=None, packages_skip_regex=None, packages_start=None, packages_end=None, allow_overriding=[], topological_order=False, names_only=False, paths_only=True, topological_graph=False, topological_graph_dot=False, topological_graph_density=False, topological_graph_legend=False, topological_graph_dot_cluster=False, topological_graph_dot_include_skipped=False, mixin_files=None, mixin=None, verb_parser=<colcon_mixin.mixin.mixin_argument.MixinArgumentDecorator object at 0x7c6e74097440>, verb_extension=<colcon_package_information.verb.list.ListVerb object at 0x7c6e74095ee0>, main=<bound method ListVerb.main of <colcon_package_information.verb.list.ListVerb object at 0x7c6e74095ee0>>, mixin_verb=('list',))
[0.138s] Level 1:colcon.colcon_core.package_discovery:discover_packages(colcon_meta) check parameters
[0.138s] Level 1:colcon.colcon_core.package_discovery:discover_packages(recursive) check parameters
[0.139s] Level 1:colcon.colcon_core.package_discovery:discover_packages(ignore) check parameters
[0.139s] Level 1:colcon.colcon_core.package_discovery:discover_packages(path) check parameters
[0.139s] Level 1:colcon.colcon_core.package_discovery:discover_packages(recursive) discover
[0.139s] INFO:colcon.colcon_core.package_discovery:Crawling recursively for packages in '/home/safin/Documents/safin-research/Concordia-Research-Multibot'
[0.139s] Level 1:colcon.colcon_core.package_identification:_identify(/home/safin/Documents/safin-research/Concordia-Research-Multibot) by extensions ['ignore', 'ignore_ament_install']
[0.139s] Level 1:colcon.colcon_core.package_identification:_identify(/home/safin/Documents/safin-research/Concordia-Research-Multibot) by extension 'ignore'
[0.139s] Level 1:colcon.colcon_core.package_identification:_identify(/home/safin/Documents/safin-research/Concordia-Research-Multibot) by extension 'ignore_ament_install'
[0.139s] Level 1:colcon.colcon_core.package_identification:_identify(/home/safin/Documents/safin-research/Concordia-Research-Multibot) by extensions ['colcon_pkg']
[0.139s] Level 1:colcon.colcon_core.package_identification:_identify(/home/safin/Documents/safin-research/Concordia-Research-Multibot) by extension 'colcon_pkg'
[0.139s] Level 1:colcon.colcon_core.package_identification:_identify(/home/safin/Documents/safin-research/Concordia-Research-Multibot) by extensions ['colcon_meta']
[0.139s] Level 1:colcon.colcon_core.package_identification:_identify(/home/safin/Documents/safin-research/Concordia-Research-Multibot) by extension 'colcon_meta'
[0.139s] Level 1:colcon.colcon_core.package_identification:_identify(/home/safin/Documents/safin-research/Concordia-Research-Multibot) by extensions ['ros']
[0.139s] Level 1:colcon.colcon_core.package_identification:_identify(/home/safin/Documents/safin-research/Concordia-Research-Multibot) by extension 'ros'
[0.164s] Level 1:colcon.colcon_core.package_identification:_identify(/home/safin/Documents/safin-research/Concordia-Research-Multibot) by extensions ['cmake', 'python']
[0.164s] Level 1:colcon.colcon_core.package_identification:_identify(/home/safin/Documents/safin-research/Concordia-Research-Multibot) by extension 'cmake'
[0.165s] Level 1:colcon.colcon_core.package_identification:_identify(/home/safin/Documents/safin-research/Concordia-Research-Multibot) by extension 'python'
[0.165s] Level 1:colcon.colcon_core.package_identification:_identify(/home/safin/Documents/safin-research/Concordia-Research-Multibot) by extensions ['python_setup_py']
[0.165s] Level 1:colcon.colcon_core.package_identification:_identify(/home/safin/Documents/safin-research/Concordia-Research-Multibot) by extension 'python_setup_py'
[0.165s] Level 1:colcon.colcon_core.package_identification:_identify(/home/safin/Documents/safin-research/Concordia-Research-Multibot/log) by extensions ['ignore', 'ignore_ament_install']
[0.165s] Level 1:colcon.colcon_core.package_identification:_identify(/home/safin/Documents/safin-research/Concordia-Research-Multibot/log) by extension 'ignore'
[0.165s] Level 1:colcon.colcon_core.package_identification:_identify(/home/safin/Documents/safin-research/Concordia-Research-Multibot/log) ignored
[0.165s] Level 1:colcon.colcon_core.package_identification:_identify(/home/safin/Documents/safin-research/Concordia-Research-Multibot/src) by extensions ['ignore', 'ignore_ament_install']
[0.165s] Level 1:colcon.colcon_core.package_identification:_identify(/home/safin/Documents/safin-research/Concordia-Research-Multibot/src) by extension 'ignore'
[0.165s] Level 1:colcon.colcon_core.package_identification:_identify(/home/safin/Documents/safin-research/Concordia-Research-Multibot/src) by extension 'ignore_ament_install'
[0.165s] Level 1:colcon.colcon_core.package_identification:_identify(/home/safin/Documents/safin-research/Concordia-Research-Multibot/src) by extensions ['colcon_pkg']
[0.165s] Level 1:colcon.colcon_core.package_identification:_identify(/home/safin/Documents/safin-research/Concordia-Research-Multibot/src) by extension 'colcon_pkg'
[0.165s] Level 1:colcon.colcon_core.package_identification:_identify(/home/safin/Documents/safin-research/Concordia-Research-Multibot/src) by extensions ['colcon_meta']
[0.165s] Level 1:colcon.colcon_core.package_identification:_identify(/home/safin/Documents/safin-research/Concordia-Research-Multibot/src) by extension 'colcon_meta'
[0.165s] Level 1:colcon.colcon_core.package_identification:_identify(/home/safin/Documents/safin-research/Concordia-Research-Multibot/src) by extensions ['ros']
[0.165s] Level 1:colcon.colcon_core.package_identification:_identify(/home/safin/Documents/safin-research/Concordia-Research-Multibot/src) by extension 'ros'
[0.165s] Level 1:colcon.colcon_core.package_identification:_identify(/home/safin/Documents/safin-research/Concordia-Research-Multibot/src) by extensions ['cmake', 'python']
[0.165s] Level 1:colcon.colcon_core.package_identification:_identify(/home/safin/Documents/safin-research/Concordia-Research-Multibot/src) by extension 'cmake'
[0.165s] Level 1:colcon.colcon_core.package_identification:_identify(/home/safin/Documents/safin-research/Concordia-Research-Multibot/src) by extension 'python'
[0.165s] Level 1:colcon.colcon_core.package_identification:_identify(/home/safin/Documents/safin-research/Concordia-Research-Multibot/src) by extensions ['python_setup_py']
[0.165s] Level 1:colcon.colcon_core.package_identification:_identify(/home/safin/Documents/safin-research/Concordia-Research-Multibot/src) by extension 'python_setup_py'
[0.166s] Level 1:colcon.colcon_core.package_identification:_identify(/home/safin/Documents/safin-research/Concordia-Research-Multibot/src/turtlebot3_multi_robot) by extensions ['ignore', 'ignore_ament_install']
[0.166s] Level 1:colcon.colcon_core.package_identification:_identify(/home/safin/Documents/safin-research/Concordia-Research-Multibot/src/turtlebot3_multi_robot) by extension 'ignore'
[0.166s] Level 1:colcon.colcon_core.package_identification:_identify(/home/safin/Documents/safin-research/Concordia-Research-Multibot/src/turtlebot3_multi_robot) by extension 'ignore_ament_install'
[0.166s] Level 1:colcon.colcon_core.package_identification:_identify(/home/safin/Documents/safin-research/Concordia-Research-Multibot/src/turtlebot3_multi_robot) by extensions ['colcon_pkg']
[0.166s] Level 1:colcon.colcon_core.package_identification:_identify(/home/safin/Documents/safin-research/Concordia-Research-Multibot/src/turtlebot3_multi_robot) by extension 'colcon_pkg'
[0.166s] Level 1:colcon.colcon_core.package_identification:_identify(/home/safin/Documents/safin-research/Concordia-Research-Multibot/src/turtlebot3_multi_robot) by extensions ['colcon_meta']
[0.166s] Level 1:colcon.colcon_core.package_identification:_identify(/home/safin/Documents/safin-research/Concordia-Research-Multibot/src/turtlebot3_multi_robot) by extension 'colcon_meta'
[0.166s] Level 1:colcon.colcon_core.package_identification:_identify(/home/safin/Documents/safin-research/Concordia-Research-Multibot/src/turtlebot3_multi_robot) by extensions ['ros']
[0.166s] Level 1:colcon.colcon_core.package_identification:_identify(/home/safin/Documents/safin-research/Concordia-Research-Multibot/src/turtlebot3_multi_robot) by extension 'ros'
[0.169s] DEBUG:colcon.colcon_core.package_identification:Package '/home/safin/Documents/safin-research/Concordia-Research-Multibot/src/turtlebot3_multi_robot' with type 'ros.ament_cmake' and name 'turtlebot3_multi_robot'
[0.169s] Level 1:colcon.colcon_core.package_discovery:discover_packages(recursive) using defaults
